  LoadShaders.cpp
  Triangles.cpp
  Generating Code...
MSVCRTD.lib(initializers.obj) : warning LNK4098: defaultlib 'libcmtd.lib' conflicts with use of other libs; use /NODEFAULTLIB:library
glew_static_vs2010_d.lib(glew.obj) : warning LNK4099: PDB 'vc100.pdb' was not found with 'glew_static_vs2010_d.lib(glew.obj)' or at 'C:\Hooman\GBC\GAME2012\CourseMaterials\OpenGL\FirstExample_Demo\Debug\vc100.pdb'; linking object as if no debug info
freeglut_static_vs2010_d.lib(freeglut_callbacks.obj) : warning LNK4099: PDB 'vc100.pdb' was not found with 'freeglut_static_vs2010_d.lib(freeglut_callbacks.obj)' or at 'C:\Hooman\GBC\GAME2012\CourseMaterials\OpenGL\FirstExample_Demo\Debug\vc100.pdb'; linking object as if no debug info
freeglut_static_vs2010_d.lib(freeglut_cursor.obj) : warning LNK4099: PDB 'vc100.pdb' was not found with 'freeglut_static_vs2010_d.lib(freeglut_cursor.obj)' or at 'C:\Hooman\GBC\GAME2012\CourseMaterials\OpenGL\FirstExample_Demo\Debug\vc100.pdb'; linking object as if no debug info
freeglut_static_vs2010_d.lib(freeglut_display.obj) : warning LNK4099: PDB 'vc100.pdb' was not found with 'freeglut_static_vs2010_d.lib(freeglut_display.obj)' or at 'C:\Hooman\GBC\GAME2012\CourseMaterials\OpenGL\FirstExample_Demo\Debug\vc100.pdb'; linking object as if no debug info
freeglut_static_vs2010_d.lib(freeglut_font.obj) : warning LNK4099: PDB 'vc100.pdb' was not found with 'freeglut_static_vs2010_d.lib(freeglut_font.obj)' or at 'C:\Hooman\GBC\GAME2012\CourseMaterials\OpenGL\FirstExample_Demo\Debug\vc100.pdb'; linking object as if no debug info
freeglut_static_vs2010_d.lib(freeglut_font_data.obj) : warning LNK4099: PDB 'vc100.pdb' was not found with 'freeglut_static_vs2010_d.lib(freeglut_font_data.obj)' or at 'C:\Hooman\GBC\GAME2012\CourseMaterials\OpenGL\FirstExample_Demo\Debug\vc100.pdb'; linking object as if no debug info
freeglut_static_vs2010_d.lib(freeglut_init.obj) : warning LNK4099: PDB 'vc100.pdb' was not found with 'freeglut_static_vs2010_d.lib(freeglut_init.obj)' or at 'C:\Hooman\GBC\GAME2012\CourseMaterials\OpenGL\FirstExample_Demo\Debug\vc100.pdb'; linking object as if no debug info
freeglut_static_vs2010_d.lib(freeglut_input_devices.obj) : warning LNK4099: PDB 'vc100.pdb' was not found with 'freeglut_static_vs2010_d.lib(freeglut_input_devices.obj)' or at 'C:\Hooman\GBC\GAME2012\CourseMaterials\OpenGL\FirstExample_Demo\Debug\vc100.pdb'; linking object as if no debug info
freeglut_static_vs2010_d.lib(freeglut_joystick.obj) : warning LNK4099: PDB 'vc100.pdb' was not found with 'freeglut_static_vs2010_d.lib(freeglut_joystick.obj)' or at 'C:\Hooman\GBC\GAME2012\CourseMaterials\OpenGL\FirstExample_Demo\Debug\vc100.pdb'; linking object as if no debug info
freeglut_static_vs2010_d.lib(freeglut_main.obj) : warning LNK4099: PDB 'vc100.pdb' was not found with 'freeglut_static_vs2010_d.lib(freeglut_main.obj)' or at 'C:\Hooman\GBC\GAME2012\CourseMaterials\OpenGL\FirstExample_Demo\Debug\vc100.pdb'; linking object as if no debug info
freeglut_static_vs2010_d.lib(freeglut_menu.obj) : warning LNK4099: PDB 'vc100.pdb' was not found with 'freeglut_static_vs2010_d.lib(freeglut_menu.obj)' or at 'C:\Hooman\GBC\GAME2012\CourseMaterials\OpenGL\FirstExample_Demo\Debug\vc100.pdb'; linking object as if no debug info
freeglut_static_vs2010_d.lib(freeglut_spaceball.obj) : warning LNK4099: PDB 'vc100.pdb' was not found with 'freeglut_static_vs2010_d.lib(freeglut_spaceball.obj)' or at 'C:\Hooman\GBC\GAME2012\CourseMaterials\OpenGL\FirstExample_Demo\Debug\vc100.pdb'; linking object as if no debug info
freeglut_static_vs2010_d.lib(freeglut_state.obj) : warning LNK4099: PDB 'vc100.pdb' was not found with 'freeglut_static_vs2010_d.lib(freeglut_state.obj)' or at 'C:\Hooman\GBC\GAME2012\CourseMaterials\OpenGL\FirstExample_Demo\Debug\vc100.pdb'; linking object as if no debug info
freeglut_static_vs2010_d.lib(freeglut_stroke_mono_roman.obj) : warning LNK4099: PDB 'vc100.pdb' was not found with 'freeglut_static_vs2010_d.lib(freeglut_stroke_mono_roman.obj)' or at 'C:\Hooman\GBC\GAME2012\CourseMaterials\OpenGL\FirstExample_Demo\Debug\vc100.pdb'; linking object as if no debug info
freeglut_static_vs2010_d.lib(freeglut_stroke_roman.obj) : warning LNK4099: PDB 'vc100.pdb' was not found with 'freeglut_static_vs2010_d.lib(freeglut_stroke_roman.obj)' or at 'C:\Hooman\GBC\GAME2012\CourseMaterials\OpenGL\FirstExample_Demo\Debug\vc100.pdb'; linking object as if no debug info
freeglut_static_vs2010_d.lib(freeglut_structure.obj) : warning LNK4099: PDB 'vc100.pdb' was not found with 'freeglut_static_vs2010_d.lib(freeglut_structure.obj)' or at 'C:\Hooman\GBC\GAME2012\CourseMaterials\OpenGL\FirstExample_Demo\Debug\vc100.pdb'; linking object as if no debug info
freeglut_static_vs2010_d.lib(freeglut_window.obj) : warning LNK4099: PDB 'vc100.pdb' was not found with 'freeglut_static_vs2010_d.lib(freeglut_window.obj)' or at 'C:\Hooman\GBC\GAME2012\CourseMaterials\OpenGL\FirstExample_Demo\Debug\vc100.pdb'; linking object as if no debug info
  FirstExample.vcxproj -> C:\Hooman\GBC\GAME2012\CourseMaterials\OpenGL\FirstExample_Demo\Debug\FirstExample.exe

Project Performance Summary:
     1474 ms  C:\Hooman\GBC\GAME2012\CourseMaterials\OpenGL\FirstExample_Demo\FirstExample\FirstExample.vcxproj   1 calls
               1474 ms  Rebuild                                    1 calls

Target Performance Summary:
        0 ms  BeforeResourceCompile                      1 calls
        0 ms  _ALink                                     1 calls
        0 ms  _Link                                      1 calls
        0 ms  AfterLink                                  1 calls
        0 ms  PreLinkEvent                               1 calls
        0 ms  DoLinkOutputFilesMatch                     1 calls
        0 ms  PrepareResourceNames                       1 calls
        0 ms  CreateCustomManifestResourceNames          1 calls
        0 ms  AssignTargetPaths                          1 calls
        0 ms  ComputeManifestInputsTargets               1 calls
        0 ms  ComputeLinkInputsFromProject               1 calls
        0 ms  ComputeCLGeneratedLinkInputs               1 calls
        0 ms  ComputeCLOutputs                           1 calls
        0 ms  _Manifest                                  1 calls
        0 ms  ComputeManifestGeneratedLinkerInputs       1 calls
        0 ms  ComputeRCOutputs                           1 calls
        0 ms  BeforeLink                                 1 calls
        0 ms  ComputeLegacyManifestEmbedding             1 calls
        0 ms  BuildLinkTraverse                          1 calls
        0 ms  BuildCompile                               1 calls
        0 ms  _BuildCompileAction                        1 calls
        0 ms  AfterBuildCompileEvent                     1 calls
        0 ms  _ResourceCompile                           1 calls
        0 ms  MakeDirsForResourceCompile                 1 calls
        0 ms  AfterRebuild                               1 calls
        0 ms  _ClCompile                                 1 calls
        0 ms  AfterClCompile                             1 calls
        0 ms  ComputeRCGeneratedLinkInputs               1 calls
        0 ms  RegisterOutput                             1 calls
        0 ms  ResolvedXDCMake                            1 calls
        0 ms  ComputeCLCompileGeneratedXDCFiles          1 calls
        0 ms  Build                                      1 calls
        0 ms  IncrementalClean                           1 calls
        0 ms  AfterBuild                                 1 calls
        0 ms  BuildLink                                  1 calls
        0 ms  _BuildLinkAction                           1 calls
        0 ms  PostBuildEvent                             1 calls
        0 ms  PrepareForRun                              1 calls
        0 ms  CopyFilesToOutputDirectory                 1 calls
        0 ms  _CheckForCompileOutputs                    1 calls
        0 ms  _CopySourceItemsToOutputDirectory          1 calls
        0 ms  _GetCopyToOutputDirectoryItemsFromThisProject   1 calls
        0 ms  _GetCopyToOutputDirectoryItemsFromTransitiveProjectReferences   1 calls
        0 ms  GetCopyToOutputDirectoryXamlAppDefs        1 calls
        0 ms  _PopulateCommonStateForGetCopyToOutputDirectoryItems   1 calls
        0 ms  _Deploy                                    1 calls
        0 ms  _Appverifier                               1 calls
        0 ms  CreateSatelliteAssemblies                  1 calls
        0 ms  _GenerateSatelliteAssemblyInputs           1 calls
        0 ms  ResolvedLinkLib                            1 calls
        0 ms  ContentFilesProjectOutputGroup             1 calls
        0 ms  MakeDirsForFxc                             1 calls
        0 ms  BuiltProjectOutputGroup                    1 calls
        0 ms  _BscMake                                   1 calls
        0 ms  MakeDirsForBscMake                         1 calls
        0 ms  ComputeCLCompileGeneratedSbrFiles          1 calls
        0 ms  _XdcMake                                   1 calls
        0 ms  MakeDirsForXdcMake                         1 calls
        0 ms  SelectClCompile                            1 calls
        0 ms  FixupCLCompileOptions                      1 calls
        0 ms  Rebuild                                    1 calls
        0 ms  AfterResolveReferences                     1 calls
        0 ms  _SplitProjectReferencesByFileExistence     1 calls
        0 ms  ResolveReferences                          1 calls
        0 ms  CleanReferencedProjects                    1 calls
        0 ms  BeforeClean                                1 calls
        0 ms  ResolveAssemblyReferences                  1 calls
        0 ms  ExpandSDKReferences                        1 calls
        0 ms  ResolveSDKReferences                       1 calls
        0 ms  _CheckWindowsSDKInstalled                  1 calls
        0 ms  GetResolvedWinMD                           1 calls
        0 ms  SetBuildDefaultEnvironmentVariables        1 calls
        0 ms  GetFrameworkPaths                          1 calls
        0 ms  BeforeResolveReferences                    1 calls
        0 ms  _PrepareForBuild                           1 calls
        0 ms  Clean                                      1 calls
        0 ms  CppClean                                   1 calls
        0 ms  PGInstrumentedClean                        1 calls
        0 ms  AfterCppClean                              1 calls
        0 ms  BeforeRebuild                              1 calls
        0 ms  BeforeCppClean                             1 calls
        0 ms  AfterClean                                 1 calls
        0 ms  CleanPublishFolder                         1 calls
        0 ms  BuildGenerateSourcesTraverse               1 calls
        0 ms  BeforeBuildGenerateSources                 1 calls
        0 ms  PrepareProjectReferences                   1 calls
        0 ms  PreBuildEvent                              1 calls
        0 ms  ComputeReferenceCLInput                    1 calls
        0 ms  AssignProjectConfiguration                 1 calls
        0 ms  FindReferenceAssembliesForReferences       1 calls
        0 ms  ComputeCLInputPDBName                      1 calls
        0 ms  BeforeClCompile                            1 calls
        0 ms  BuildCompileTraverse                       1 calls
        0 ms  BuildGenerateSources                       1 calls
        0 ms  _BuildGenerateSourcesAction                1 calls
        0 ms  AfterBuildGenerateSourcesEvent             1 calls
        0 ms  _Midl                                      1 calls
        0 ms  AfterMidl                                  1 calls
        0 ms  ComputeMIDLGeneratedCompileInputs          1 calls
        0 ms  AfterBuildGenerateSources                  1 calls
        0 ms  _SelectedFiles                             1 calls
        0 ms  _Xsd                                       1 calls
        0 ms  SelectCustomBuild                          1 calls
        0 ms  CopyFileToFolders                          1 calls
        1 ms  MakeDirsForMidl                            1 calls
        1 ms  GetReferenceAssemblyPaths                  1 calls
        1 ms  _PrepareForReferenceResolution             1 calls
        1 ms  ComputeLinkSwitches                        1 calls
        1 ms  AfterResourceCompile                       1 calls
        1 ms  GetCopyToOutputDirectoryItems              1 calls
        1 ms  ComputeLinkImportLibraryOutputsForClean    1 calls
        1 ms  _GetProjectReferenceTargetFrameworkProperties   1 calls
        1 ms  SatelliteDllsProjectOutputGroup            1 calls
        1 ms  _CleanGetCurrentAndPriorFileWrites         1 calls
        1 ms  FinalizeBuildStatus                        1 calls
        1 ms  ComputeCustomBuildOutput                   1 calls
        1 ms  _PrepareForRebuild                         1 calls
        1 ms  SplitResourcesByCulture                    1 calls
        1 ms  MakeDirsForLink                            1 calls
        1 ms  SetCABuildNativeEnvironmentVariables       1 calls
        2 ms  WarnCompileDuplicatedFilename              1 calls
        2 ms  _PrepareForClean                           1 calls
        3 ms  InitializeBuildStatus                      1 calls
        3 ms  MakeDirsForCl                              1 calls
        4 ms  SetTelemetryEnvironmentVariables           1 calls
        4 ms  CreateRecipeFile                           1 calls
        6 ms  CoreClean                                  1 calls
        7 ms  PrepareForBuild                            1 calls
        7 ms  CustomBuild                                1 calls
       10 ms  _CheckForInvalidConfigurationAndPlatform   1 calls
       11 ms  ResolveProjectReferences                   1 calls
       15 ms  CoreCppClean                               1 calls
      277 ms  Link                                       1 calls
     1102 ms  ClCompile                                  1 calls

Task Performance Summary:
        0 ms  Message                                    3 calls
        0 ms  AssignCulture                              1 calls
        0 ms  ReadLinesFromFile                          3 calls
        0 ms  AssignTargetPath                           7 calls
        0 ms  RemoveDuplicates                           3 calls
        0 ms  CallTarget                                 2 calls
        0 ms  AssignProjectConfiguration                 1 calls
        0 ms  MSBuild                                    1 calls
        1 ms  CheckVCToolsetVersion                      1 calls
        1 ms  CreateItem                                 2 calls
        1 ms  ConvertToAbsolutePath                      1 calls
        1 ms  SetEnv                                     8 calls
        1 ms  FindUnderPath                              7 calls
        2 ms  Delete                                     7 calls
        3 ms  WriteLinesToFile                           3 calls
        3 ms  Touch                                      2 calls
        3 ms  GetOutOfDateItems                          3 calls
        4 ms  GenerateDesktopDeployRecipe                1 calls
        5 ms  MakeDir                                   12 calls
       14 ms  CppClean                                   1 calls
      276 ms  Link                                       1 calls
     1102 ms  CL                                         1 calls
